<?xml version="1.0" encoding="UTF-8"?>
<testsuite name="TestRunner.TestRunner" time="0.009" tests="8" errors="0" skipped="0" failures="0">
  <properties>
[...]
</properties>
  <testcase name="Given Set value of variable here" classname="Scenario: Google Home Landing Page" time="0.004"/>
  <testcase name="When Access variable here" classname="Scenario: Google Home Landing Page" time="0"/>
  <testcase name="Scenario: Google Home Landing Page" classname="Scenario: Google Home Landing Page" time="0.003"/>
  <testcase name="Given User is on landing page" classname="Scenario: Google Home Page" time="0"/>
  <testcase name="And some other precondition" classname="Scenario: Google Home Page" time="0"/>
  <testcase name="When User search for &quot;searchterm&quot;" classname="Scenario: Google Home Page" time="0.001"/>
  <testcase name="Then Search result is displayed" classname="Scenario: Google Home Page" time="0"/>
  <testcase name="Scenario: Google Home Page" classname="Scenario: Google Home Page" time="0.001"/>
</testsuite>